<?xml version="1.0" encoding="UTF-8"?>
<testsuite xmlns:xsi="http://www.w3.org/2001/XMLSchema-instance" xsi:noNamespaceSchemaLocation="https://maven.apache.org/surefire/maven-surefire-plugin/xsd/surefire-test-report.xsd" version="3.0.2" name="com.example.Twitetr.TwitetrApplicationTests" time="2.877" tests="1" errors="0" skipped="0" failures="0">
  <properties>
[...]
</properties>
  <testcase name="contextLoads" classname="com.example.Twitetr.TwitetrApplicationTests" time="0.721">
    <system-out><![CDATA[18:47:29.519 [main] INFO org.springframework.test.context.support.AnnotationConfigContextLoaderUtils -- Could not detect default configuration classes for test class [com.example.Twitetr.TwitetrApplicationTests]: TwitetrApplicationTests does not declare any static, non-private, non-final, nested classes annotated with @Configuration.
18:47:29.629 [main] INFO org.springframework.boot.test.context.SpringBootTestContextBootstrapper -- Found @SpringBootConfiguration com.example.Twitetr.TwitetrApplication for test class com.example.Twitetr.TwitetrApplicationTests
18:47:29.798 [main] INFO org.springframework.boot.devtools.restart.RestartApplicationListener -- Restart disabled due to context in which it is running

  .   ____          _            __ _ _
 /\\ / ___'_ __ _ _(_)_ __  __ _ \ \ \ \
( ( )\___ | '_ | '_| | '_ \/ _` | \ \ \ \
 \\/  ___)| |_)| | | | | || (_| |  ) ) ) )
  '  |____| .__|_| |_|_| |_\__, | / / / /
 =========|_|==============|___/=/_/_/_/

 :: Spring Boot ::                (v3.4.0)

2024-12-23T18:47:30.059+01:00  INFO 28292 --- [Twitetr] [           main] c.e.Twitetr.TwitetrApplicationTests      : Starting TwitetrApplicationTests using Java 17.0.13 with PID 28292 (started by Saman in C:\Users\Saman\OneDrive\Dokument\GitHub\NY_Tetris_G19\NY_Tetris_G19\Twitetr-project\Twitetr)
2024-12-23T18:47:30.060+01:00  INFO 28292 --- [Twitetr] [           main] c.e.Twitetr.TwitetrApplicationTests      : No active profile set, falling back to 1 default profile: "default"
2024-12-23T18:47:30.970+01:00  INFO 28292 --- [Twitetr] [           main] o.s.b.a.w.s.WelcomePageHandlerMapping    : Adding welcome page: class path resource [static/index.html]
2024-12-23T18:47:31.350+01:00  WARN 28292 --- [Twitetr] [           main] ion$DefaultTemplateResolverConfiguration : Cannot find template location: classpath:/templates/ (please add some templates, check your Thymeleaf configuration, or set spring.thymeleaf.check-template-location=false)
2024-12-23T18:47:31.494+01:00  INFO 28292 --- [Twitetr] [           main] c.e.Twitetr.TwitetrApplicationTests      : Started TwitetrApplicationTests in 1.708 seconds (process running for 2.557)
]]></system-out>
  </testcase>
</testsuite>